  [1m[35m (464.3ms)[0m  [1m[35mCREATE DATABASE "cast_main_development" ENCODING = 'unicode'[0m
  [1m[35m (161.0ms)[0m  [1m[35mCREATE DATABASE "cast_main_test" ENCODING = 'unicode'[0m
Started GET "/" for ::1 at 2023-07-05 12:47:21 +0300
Processing by Rails::WelcomeController#index as HTML
  Rendering /home/king/.rbenv/versions/2.7.4/lib/ruby/gems/2.7.0/gems/railties-7.0.6/lib/rails/templates/rails/welcome/index.html.erb
  Rendered /home/king/.rbenv/versions/2.7.4/lib/ruby/gems/2.7.0/gems/railties-7.0.6/lib/rails/templates/rails/welcome/index.html.erb (Duration: 5.0ms | Allocations: 766)
Completed 200 OK in 47ms (Views: 15.3ms | ActiveRecord: 0.0ms | Allocations: 8903)


Started GET "/helo" for ::1 at 2023-07-05 12:47:32 +0300
  
ActionController::RoutingError (No route matches [GET] "/helo"):
  
Started GET "/favicon.ico" for ::1 at 2023-07-05 12:47:33 +0300
  
ActionController::RoutingError (No route matches [GET] "/favicon.ico"):
  
Started GET "/hello" for ::1 at 2023-07-05 12:47:45 +0300
Processing by ApplicationController#hello_world as HTML
[active_model_serializers] Rendered ActiveModel::Serializer::Null with Hash (0.18ms)
Completed 200 OK in 10ms (Views: 8.5ms | ActiveRecord: 0.0ms | Allocations: 684)


Started GET "/hello" for ::1 at 2023-07-05 12:47:49 +0300
Processing by ApplicationController#hello_world as HTML
[active_model_serializers] Rendered ActiveModel::Serializer::Null with Hash (0.11ms)
Completed 200 OK in 2ms (Views: 0.8ms | ActiveRecord: 0.0ms | Allocations: 321)


Started GET "/hello" for ::1 at 2023-07-05 12:47:50 +0300
Processing by ApplicationController#hello_world as HTML
[active_model_serializers] Rendered ActiveModel::Serializer::Null with Hash (0.15ms)
Completed 200 OK in 2ms (Views: 1.0ms | ActiveRecord: 0.0ms | Allocations: 307)


Started GET "/hello" for ::1 at 2023-07-05 12:47:51 +0300
Processing by ApplicationController#hello_world as HTML
[active_model_serializers] Rendered ActiveModel::Serializer::Null with Hash (0.15ms)
Completed 200 OK in 2ms (Views: 1.5ms | ActiveRecord: 0.0ms | Allocations: 316)


